mode: set
nyx/internal/store/factory.go:15.102,16.23 1 0
nyx/internal/store/factory.go:16.23,18.40 2 0
nyx/internal/store/factory.go:18.40,20.4 1 0
nyx/internal/store/factory.go:21.3,21.19 1 0
nyx/internal/store/factory.go:24.2,26.19 3 0
nyx/internal/store/factory.go:26.19,29.3 2 0
nyx/internal/store/factory.go:29.8,31.3 1 0
nyx/internal/store/factory.go:32.2,32.16 1 0
nyx/internal/store/factory.go:32.16,34.3 1 0
nyx/internal/store/factory.go:35.2,35.39 1 0
nyx/internal/store/factory.go:35.39,38.3 2 0
nyx/internal/store/factory.go:39.2,39.18 1 0
nyx/internal/store/memory.go:33.36,48.2 1 1
nyx/internal/store/memory.go:50.51,50.65 1 0
nyx/internal/store/memory.go:51.51,51.65 1 0
nyx/internal/store/memory.go:52.51,52.65 1 0
nyx/internal/store/memory.go:54.106,56.2 1 1
nyx/internal/store/memory.go:58.132,77.2 7 1
nyx/internal/store/memory.go:79.77,81.2 1 1
nyx/internal/store/memory.go:83.102,85.2 1 1
nyx/internal/store/memory.go:87.140,89.16 2 1
nyx/internal/store/memory.go:89.16,91.3 1 0
nyx/internal/store/memory.go:92.2,92.71 1 1
nyx/internal/store/memory.go:92.71,92.89 1 1
nyx/internal/store/memory.go:95.73,100.31 4 1
nyx/internal/store/memory.go:100.31,101.50 1 1
nyx/internal/store/memory.go:101.50,102.12 1 1
nyx/internal/store/memory.go:104.3,104.26 1 1
nyx/internal/store/memory.go:106.2,106.38 1 1
nyx/internal/store/memory.go:106.38,107.47 1 1
nyx/internal/store/memory.go:107.47,109.4 1 0
nyx/internal/store/memory.go:110.3,110.50 1 1
nyx/internal/store/memory.go:112.2,112.17 1 1
nyx/internal/store/memory.go:115.84,119.9 4 1
nyx/internal/store/memory.go:119.9,121.3 1 1
nyx/internal/store/memory.go:122.2,122.18 1 1
nyx/internal/store/memory.go:125.103,127.16 2 1
nyx/internal/store/memory.go:127.16,129.3 1 0
nyx/internal/store/memory.go:130.2,130.48 1 1
nyx/internal/store/memory.go:130.48,132.3 1 1
nyx/internal/store/memory.go:133.2,133.18 1 1
nyx/internal/store/memory.go:136.86,138.2 1 1
nyx/internal/store/memory.go:140.105,141.65 1 1
nyx/internal/store/memory.go:141.65,143.3 1 1
nyx/internal/store/memory.go:144.2,144.29 1 0
nyx/internal/store/memory.go:147.115,152.9 4 1
nyx/internal/store/memory.go:152.9,154.3 1 1
nyx/internal/store/memory.go:155.2,158.18 4 1
nyx/internal/store/memory.go:161.91,167.31 5 1
nyx/internal/store/memory.go:167.31,168.41 1 1
nyx/internal/store/memory.go:168.41,169.12 1 1
nyx/internal/store/memory.go:171.3,171.56 1 1
nyx/internal/store/memory.go:171.56,174.4 2 1
nyx/internal/store/memory.go:176.2,176.12 1 1
nyx/internal/store/memory.go:176.12,178.3 1 1
nyx/internal/store/memory.go:179.2,182.26 4 1
nyx/internal/store/memory.go:185.106,200.2 6 1
nyx/internal/store/memory.go:202.101,206.9 4 1
nyx/internal/store/memory.go:206.9,208.3 1 1
nyx/internal/store/memory.go:209.2,212.12 4 1
nyx/internal/store/memory.go:215.97,217.2 1 1
nyx/internal/store/memory.go:219.116,235.2 6 1
nyx/internal/store/memory.go:237.100,241.9 4 1
nyx/internal/store/memory.go:241.9,243.3 1 1
nyx/internal/store/memory.go:244.2,247.12 4 1
nyx/internal/store/memory.go:250.96,252.2 1 1
nyx/internal/store/memory.go:254.130,271.2 6 1
nyx/internal/store/memory.go:273.103,277.9 4 1
nyx/internal/store/memory.go:277.9,279.3 1 1
nyx/internal/store/memory.go:280.2,283.12 4 1
nyx/internal/store/memory.go:286.99,288.2 1 1
nyx/internal/store/memory.go:290.174,309.2 6 1
nyx/internal/store/memory.go:311.141,315.9 4 1
nyx/internal/store/memory.go:315.9,317.3 1 1
nyx/internal/store/memory.go:318.2,322.20 5 1
nyx/internal/store/memory.go:325.157,341.2 6 1
nyx/internal/store/memory.go:343.154,347.9 4 1
nyx/internal/store/memory.go:347.9,349.3 1 1
nyx/internal/store/memory.go:350.2,350.58 1 1
nyx/internal/store/memory.go:350.58,352.3 1 1
nyx/internal/store/memory.go:353.2,353.58 1 1
nyx/internal/store/memory.go:353.58,355.3 1 1
nyx/internal/store/memory.go:356.2,356.21 1 1
nyx/internal/store/memory.go:356.21,358.3 1 1
nyx/internal/store/memory.go:359.2,362.12 4 1
nyx/internal/store/memory.go:365.155,380.2 5 1
nyx/internal/store/memory.go:382.145,398.2 7 1
nyx/internal/store/memory.go:400.124,413.2 5 1
nyx/internal/store/memory.go:415.93,420.9 4 1
nyx/internal/store/memory.go:420.9,422.3 1 1
nyx/internal/store/memory.go:424.2,425.31 2 1
nyx/internal/store/memory.go:425.31,426.24 1 1
nyx/internal/store/memory.go:426.24,428.4 1 1
nyx/internal/store/memory.go:430.2,430.37 1 1
nyx/internal/store/memory.go:430.37,431.27 1 1
nyx/internal/store/memory.go:431.27,433.4 1 1
nyx/internal/store/memory.go:435.2,435.35 1 1
nyx/internal/store/memory.go:435.35,436.26 1 1
nyx/internal/store/memory.go:436.26,438.4 1 1
nyx/internal/store/memory.go:440.2,440.39 1 1
nyx/internal/store/memory.go:440.39,441.28 1 1
nyx/internal/store/memory.go:441.28,443.4 1 1
nyx/internal/store/memory.go:445.2,445.36 1 1
nyx/internal/store/memory.go:445.36,446.26 1 1
nyx/internal/store/memory.go:446.26,448.4 1 1
nyx/internal/store/memory.go:450.2,450.37 1 1
nyx/internal/store/memory.go:450.37,451.27 1 1
nyx/internal/store/memory.go:451.27,453.4 1 1
nyx/internal/store/memory.go:455.2,455.33 1 1
nyx/internal/store/memory.go:455.33,456.25 1 1
nyx/internal/store/memory.go:456.25,458.4 1 1
nyx/internal/store/memory.go:460.2,460.41 1 1
nyx/internal/store/memory.go:460.41,461.29 1 1
nyx/internal/store/memory.go:461.29,463.4 1 1
nyx/internal/store/memory.go:466.2,466.47 1 1
nyx/internal/store/memory.go:466.47,466.117 1 1
nyx/internal/store/memory.go:467.2,467.50 1 1
nyx/internal/store/memory.go:467.50,467.126 1 0
nyx/internal/store/memory.go:468.2,468.49 1 1
nyx/internal/store/memory.go:468.49,468.123 1 0
nyx/internal/store/memory.go:469.2,469.51 1 1
nyx/internal/store/memory.go:469.51,469.129 1 0
nyx/internal/store/memory.go:470.2,470.50 1 1
nyx/internal/store/memory.go:470.50,470.126 1 0
nyx/internal/store/memory.go:471.2,471.50 1 1
nyx/internal/store/memory.go:471.50,471.126 1 0
nyx/internal/store/memory.go:472.2,472.48 1 1
nyx/internal/store/memory.go:472.48,472.120 1 0
nyx/internal/store/memory.go:473.2,473.52 1 1
nyx/internal/store/memory.go:473.52,473.132 1 0
nyx/internal/store/memory.go:475.2,475.20 1 1
nyx/internal/store/memory.go:478.112,480.16 2 1
nyx/internal/store/memory.go:480.16,482.3 1 0
nyx/internal/store/memory.go:483.2,483.55 1 1
nyx/internal/store/memory.go:483.55,485.3 1 1
nyx/internal/store/memory.go:486.2,486.20 1 1
nyx/internal/store/memory.go:489.106,500.36 7 1
nyx/internal/store/memory.go:500.36,501.30 1 1
nyx/internal/store/memory.go:501.30,502.12 1 0
nyx/internal/store/memory.go:504.3,505.31 2 1
nyx/internal/store/memory.go:505.31,507.4 1 1
nyx/internal/store/memory.go:509.2,509.42 1 1
nyx/internal/store/memory.go:509.42,510.59 1 1
nyx/internal/store/memory.go:510.59,512.4 1 0
nyx/internal/store/memory.go:513.3,513.45 1 1
nyx/internal/store/memory.go:515.2,515.22 1 1
nyx/internal/store/memory.go:515.22,517.3 1 0
nyx/internal/store/memory.go:518.2,519.31 2 1
nyx/internal/store/memory.go:519.31,521.3 1 1
nyx/internal/store/memory.go:522.2,522.17 1 1
nyx/internal/store/memory.go:525.163,527.16 2 1
nyx/internal/store/memory.go:527.16,529.3 1 0
nyx/internal/store/memory.go:530.2,541.39 2 1
nyx/internal/store/memory.go:541.39,543.3 1 1
nyx/internal/store/memory.go:544.2,544.32 1 1
nyx/internal/store/memory.go:544.32,546.3 1 1
nyx/internal/store/memory.go:547.2,550.22 4 1
nyx/internal/store/memory.go:553.92,557.9 4 1
nyx/internal/store/memory.go:557.9,559.3 1 1
nyx/internal/store/memory.go:560.2,560.22 1 1
nyx/internal/store/memory.go:563.110,568.39 5 1
nyx/internal/store/memory.go:568.39,569.36 1 1
nyx/internal/store/memory.go:569.36,570.12 1 0
nyx/internal/store/memory.go:572.3,572.30 1 1
nyx/internal/store/memory.go:574.2,574.38 1 1
nyx/internal/store/memory.go:574.38,575.47 1 1
nyx/internal/store/memory.go:575.47,577.4 1 0
nyx/internal/store/memory.go:578.3,578.50 1 1
nyx/internal/store/memory.go:580.2,580.17 1 1
nyx/internal/store/memory.go:583.148,585.16 2 1
nyx/internal/store/memory.go:585.16,587.3 1 0
nyx/internal/store/memory.go:588.2,588.83 1 1
nyx/internal/store/memory.go:588.83,588.105 1 1
nyx/internal/store/memory.go:591.106,595.39 4 1
nyx/internal/store/memory.go:595.39,596.32 1 1
nyx/internal/store/memory.go:596.32,597.12 1 0
nyx/internal/store/memory.go:599.3,599.30 1 1
nyx/internal/store/memory.go:601.2,601.38 1 1
nyx/internal/store/memory.go:601.38,601.90 1 0
nyx/internal/store/memory.go:602.2,602.17 1 1
nyx/internal/store/memory.go:605.135,609.9 4 1
nyx/internal/store/memory.go:609.9,611.3 1 1
nyx/internal/store/memory.go:612.2,612.34 1 1
nyx/internal/store/memory.go:612.34,614.3 1 1
nyx/internal/store/memory.go:615.2,615.14 1 1
nyx/internal/store/memory.go:615.14,617.3 1 1
nyx/internal/store/memory.go:617.8,619.3 1 1
nyx/internal/store/memory.go:620.2,621.31 2 1
nyx/internal/store/memory.go:621.31,623.3 1 1
nyx/internal/store/memory.go:624.2,627.22 4 1
nyx/internal/store/memory.go:630.117,631.17 1 1
nyx/internal/store/memory.go:631.17,633.3 1 0
nyx/internal/store/memory.go:634.2,636.38 3 1
nyx/internal/store/memory.go:636.38,638.3 1 0
nyx/internal/store/memory.go:639.2,639.80 1 1
nyx/internal/store/memory.go:639.80,641.3 1 0
nyx/internal/store/memory.go:642.2,642.14 1 1
nyx/internal/store/memory.go:645.137,660.2 6 1
nyx/internal/store/memory.go:662.115,666.33 4 1
nyx/internal/store/memory.go:666.33,667.63 1 1
nyx/internal/store/memory.go:667.63,669.4 1 1
nyx/internal/store/memory.go:671.2,671.20 1 1
nyx/internal/store/memory.go:674.61,675.18 1 1
nyx/internal/store/memory.go:675.18,677.3 1 1
nyx/internal/store/memory.go:678.2,679.29 2 1
nyx/internal/store/memory.go:679.29,681.3 1 1
nyx/internal/store/memory.go:682.2,682.12 1 1
nyx/internal/store/memory.go:685.52,686.18 1 1
nyx/internal/store/memory.go:686.18,688.3 1 1
nyx/internal/store/memory.go:689.2,690.29 2 1
nyx/internal/store/memory.go:690.29,692.3 1 1
nyx/internal/store/memory.go:693.2,693.12 1 1
nyx/internal/store/memory.go:696.46,698.20 2 1
nyx/internal/store/memory.go:698.20,700.3 1 1
nyx/internal/store/memory.go:701.2,701.17 1 1
nyx/internal/store/memory.go:704.106,705.15 1 1
nyx/internal/store/memory.go:705.15,707.3 1 0
nyx/internal/store/memory.go:708.2,710.19 3 1
nyx/internal/store/memory.go:710.19,712.32 2 1
nyx/internal/store/memory.go:712.32,713.27 1 1
nyx/internal/store/memory.go:713.27,715.10 2 1
nyx/internal/store/memory.go:718.3,718.18 1 1
nyx/internal/store/memory.go:718.18,720.4 1 1
nyx/internal/store/memory.go:722.2,722.24 1 1
nyx/internal/store/memory.go:722.24,724.3 1 0
nyx/internal/store/memory.go:725.2,727.22 3 1
nyx/internal/store/memory.go:727.22,729.3 1 1
nyx/internal/store/memory.go:730.2,732.35 3 1
nyx/internal/store/memory.go:732.35,734.3 1 1
nyx/internal/store/memory.go:735.2,735.43 1 1
nyx/internal/store/migrations.go:22.61,24.16 2 0
nyx/internal/store/migrations.go:24.16,26.3 1 0
nyx/internal/store/migrations.go:27.2,27.15 1 0
nyx/internal/store/migrations.go:27.15,27.33 1 0
nyx/internal/store/migrations.go:29.2,29.33 1 0
nyx/internal/store/migrations.go:32.73,34.16 2 0
nyx/internal/store/migrations.go:34.16,36.3 1 0
nyx/internal/store/migrations.go:37.2,37.15 1 0
nyx/internal/store/migrations.go:37.15,37.33 1 0
nyx/internal/store/migrations.go:39.2,39.43 1 0
nyx/internal/store/migrations.go:42.61,48.17 1 0
nyx/internal/store/migrations.go:48.17,50.3 1 0
nyx/internal/store/migrations.go:52.2,53.16 2 0
nyx/internal/store/migrations.go:53.16,55.3 1 0
nyx/internal/store/migrations.go:57.2,57.39 1 0
nyx/internal/store/migrations.go:57.39,59.152 2 0
nyx/internal/store/migrations.go:59.152,61.4 1 0
nyx/internal/store/migrations.go:62.3,62.13 1 0
nyx/internal/store/migrations.go:62.13,63.12 1 0
nyx/internal/store/migrations.go:66.3,67.17 2 0
nyx/internal/store/migrations.go:67.17,69.4 1 0
nyx/internal/store/migrations.go:70.3,70.65 1 0
nyx/internal/store/migrations.go:70.65,73.4 2 0
nyx/internal/store/migrations.go:74.3,74.122 1 0
nyx/internal/store/migrations.go:74.122,77.4 2 0
nyx/internal/store/migrations.go:78.3,78.37 1 0
nyx/internal/store/migrations.go:78.37,80.4 1 0
nyx/internal/store/migrations.go:83.2,83.12 1 0
nyx/internal/store/migrations.go:86.75,87.15 1 0
nyx/internal/store/migrations.go:87.15,89.3 1 0
nyx/internal/store/migrations.go:90.2,91.16 2 0
nyx/internal/store/migrations.go:91.16,93.3 1 0
nyx/internal/store/migrations.go:94.2,95.39 2 0
nyx/internal/store/migrations.go:95.39,97.3 1 0
nyx/internal/store/migrations.go:99.2,100.16 2 0
nyx/internal/store/migrations.go:100.16,102.3 1 0
nyx/internal/store/migrations.go:103.2,103.15 1 0
nyx/internal/store/migrations.go:103.15,103.35 1 0
nyx/internal/store/migrations.go:105.2,106.18 2 0
nyx/internal/store/migrations.go:106.18,108.45 2 0
nyx/internal/store/migrations.go:108.45,110.4 1 0
nyx/internal/store/migrations.go:111.3,111.39 1 0
nyx/internal/store/migrations.go:113.2,113.35 1 0
nyx/internal/store/migrations.go:113.35,115.3 1 0
nyx/internal/store/migrations.go:117.2,117.35 1 0
nyx/internal/store/migrations.go:117.35,119.10 2 0
nyx/internal/store/migrations.go:119.10,121.4 1 0
nyx/internal/store/migrations.go:122.3,123.17 2 0
nyx/internal/store/migrations.go:123.17,125.4 1 0
nyx/internal/store/migrations.go:126.3,126.67 1 0
nyx/internal/store/migrations.go:126.67,129.4 2 0
nyx/internal/store/migrations.go:130.3,130.109 1 0
nyx/internal/store/migrations.go:130.109,133.4 2 0
nyx/internal/store/migrations.go:134.3,134.37 1 0
nyx/internal/store/migrations.go:134.37,136.4 1 0
nyx/internal/store/migrations.go:138.2,138.12 1 0
nyx/internal/store/migrations.go:141.44,143.16 2 1
nyx/internal/store/migrations.go:143.16,145.3 1 0
nyx/internal/store/migrations.go:147.2,148.32 2 1
nyx/internal/store/migrations.go:148.32,149.67 1 1
nyx/internal/store/migrations.go:149.67,150.12 1 1
nyx/internal/store/migrations.go:152.3,152.38 1 1
nyx/internal/store/migrations.go:154.2,157.29 3 1
nyx/internal/store/migrations.go:157.29,160.17 3 1
nyx/internal/store/migrations.go:160.17,162.4 1 0
nyx/internal/store/migrations.go:163.3,164.17 2 1
nyx/internal/store/migrations.go:164.17,166.4 1 0
nyx/internal/store/migrations.go:167.3,171.5 1 1
nyx/internal/store/migrations.go:173.2,173.17 1 1
nyx/internal/store/postgres.go:24.67,26.2 1 0
nyx/internal/store/postgres.go:28.147,30.16 2 0
nyx/internal/store/postgres.go:30.16,32.3 1 0
nyx/internal/store/postgres.go:33.2,37.54 5 0
nyx/internal/store/postgres.go:40.57,42.2 1 0
nyx/internal/store/postgres.go:44.57,44.89 1 0
nyx/internal/store/postgres.go:45.57,45.80 1 0
nyx/internal/store/postgres.go:47.108,49.2 1 0
nyx/internal/store/postgres.go:51.134,57.16 2 0
nyx/internal/store/postgres.go:57.16,59.3 1 0
nyx/internal/store/postgres.go:60.2,61.18 2 0
nyx/internal/store/postgres.go:64.79,66.2 1 0
nyx/internal/store/postgres.go:68.104,73.74 2 0
nyx/internal/store/postgres.go:73.74,79.3 1 0
nyx/internal/store/postgres.go:79.8,86.3 1 0
nyx/internal/store/postgres.go:87.2,87.16 1 0
nyx/internal/store/postgres.go:87.16,89.3 1 0
nyx/internal/store/postgres.go:90.2,90.15 1 0
nyx/internal/store/postgres.go:90.15,90.35 1 0
nyx/internal/store/postgres.go:91.2,91.24 1 0
nyx/internal/store/postgres.go:94.142,95.15 1 0
nyx/internal/store/postgres.go:95.15,97.3 1 0
nyx/internal/store/postgres.go:98.2,102.15 4 0
nyx/internal/store/postgres.go:102.15,105.3 2 0
nyx/internal/store/postgres.go:107.2,108.19 2 0
nyx/internal/store/postgres.go:108.19,113.16 2 0
nyx/internal/store/postgres.go:113.16,115.4 1 0
nyx/internal/store/postgres.go:115.9,117.4 1 0
nyx/internal/store/postgres.go:118.3,118.17 1 0
nyx/internal/store/postgres.go:118.17,119.35 1 0
nyx/internal/store/postgres.go:119.35,121.5 1 0
nyx/internal/store/postgres.go:122.4,122.75 1 0
nyx/internal/store/postgres.go:124.3,125.51 2 0
nyx/internal/store/postgres.go:128.2,132.25 2 0
nyx/internal/store/postgres.go:132.25,134.3 1 0
nyx/internal/store/postgres.go:135.2,139.16 4 0
nyx/internal/store/postgres.go:139.16,141.3 1 0
nyx/internal/store/postgres.go:142.2,142.15 1 0
nyx/internal/store/postgres.go:142.15,142.35 1 0
nyx/internal/store/postgres.go:144.2,145.16 2 0
nyx/internal/store/postgres.go:145.16,147.3 1 0
nyx/internal/store/postgres.go:148.2,149.13 2 0
nyx/internal/store/postgres.go:149.13,151.3 1 0
nyx/internal/store/postgres.go:152.2,153.31 2 0
nyx/internal/store/postgres.go:153.31,155.3 1 0
nyx/internal/store/postgres.go:156.2,156.39 1 0
nyx/internal/store/postgres.go:159.86,165.16 2 0
nyx/internal/store/postgres.go:165.16,166.36 1 0
nyx/internal/store/postgres.go:166.36,168.4 1 0
nyx/internal/store/postgres.go:169.3,169.56 1 0
nyx/internal/store/postgres.go:171.2,171.18 1 0
nyx/internal/store/postgres.go:174.105,180.16 2 0
nyx/internal/store/postgres.go:180.16,181.36 1 0
nyx/internal/store/postgres.go:181.36,183.4 1 0
nyx/internal/store/postgres.go:184.3,184.67 1 0
nyx/internal/store/postgres.go:186.2,186.18 1 0
nyx/internal/store/postgres.go:189.88,196.16 2 0
nyx/internal/store/postgres.go:196.16,197.36 1 0
nyx/internal/store/postgres.go:197.36,199.4 1 0
nyx/internal/store/postgres.go:200.3,200.58 1 0
nyx/internal/store/postgres.go:202.2,202.18 1 0
nyx/internal/store/postgres.go:205.107,206.65 1 0
nyx/internal/store/postgres.go:206.65,208.3 1 0
nyx/internal/store/postgres.go:209.2,209.29 1 0
nyx/internal/store/postgres.go:212.117,219.16 2 0
nyx/internal/store/postgres.go:219.16,220.36 1 0
nyx/internal/store/postgres.go:220.36,222.4 1 0
nyx/internal/store/postgres.go:223.3,223.66 1 0
nyx/internal/store/postgres.go:225.2,225.18 1 0
nyx/internal/store/postgres.go:228.93,244.16 2 0
nyx/internal/store/postgres.go:244.16,245.36 1 0
nyx/internal/store/postgres.go:245.36,247.4 1 0
nyx/internal/store/postgres.go:248.3,248.77 1 0
nyx/internal/store/postgres.go:250.2,250.24 1 0
nyx/internal/store/postgres.go:253.108,261.16 2 0
nyx/internal/store/postgres.go:261.16,263.3 1 0
nyx/internal/store/postgres.go:264.2,264.32 1 0
nyx/internal/store/postgres.go:267.103,271.17 1 0
nyx/internal/store/postgres.go:271.17,273.3 1 0
nyx/internal/store/postgres.go:274.2,274.12 1 0
nyx/internal/store/postgres.go:277.99,279.2 1 0
nyx/internal/store/postgres.go:281.118,290.16 2 0
nyx/internal/store/postgres.go:290.16,292.3 1 0
nyx/internal/store/postgres.go:293.2,293.31 1 0
nyx/internal/store/postgres.go:296.102,300.17 1 0
nyx/internal/store/postgres.go:300.17,302.3 1 0
nyx/internal/store/postgres.go:303.2,303.12 1 0
nyx/internal/store/postgres.go:306.98,308.2 1 0
nyx/internal/store/postgres.go:310.132,320.16 2 0
nyx/internal/store/postgres.go:320.16,322.3 1 0
nyx/internal/store/postgres.go:323.2,323.34 1 0
nyx/internal/store/postgres.go:326.105,330.17 1 0
nyx/internal/store/postgres.go:330.17,332.3 1 0
nyx/internal/store/postgres.go:333.2,333.12 1 0
nyx/internal/store/postgres.go:336.101,338.2 1 0
nyx/internal/store/postgres.go:340.176,352.16 2 0
nyx/internal/store/postgres.go:352.16,354.3 1 0
nyx/internal/store/postgres.go:355.2,355.33 1 0
nyx/internal/store/postgres.go:358.143,364.16 2 0
nyx/internal/store/postgres.go:364.16,366.3 1 0
nyx/internal/store/postgres.go:367.2,367.33 1 0
nyx/internal/store/postgres.go:370.159,380.16 2 0
nyx/internal/store/postgres.go:380.16,382.3 1 0
nyx/internal/store/postgres.go:383.2,383.56 1 0
nyx/internal/store/postgres.go:386.156,393.17 1 0
nyx/internal/store/postgres.go:393.17,395.3 1 0
nyx/internal/store/postgres.go:396.2,396.12 1 0
nyx/internal/store/postgres.go:399.157,409.16 2 0
nyx/internal/store/postgres.go:409.16,411.3 1 0
nyx/internal/store/postgres.go:412.2,412.35 1 0
nyx/internal/store/postgres.go:415.147,439.16 4 0
nyx/internal/store/postgres.go:439.16,441.3 1 0
nyx/internal/store/postgres.go:442.2,450.8 1 0
nyx/internal/store/postgres.go:453.126,461.16 2 0
nyx/internal/store/postgres.go:461.16,463.3 1 0
nyx/internal/store/postgres.go:464.2,464.34 1 0
nyx/internal/store/postgres.go:467.95,469.16 2 0
nyx/internal/store/postgres.go:469.16,471.3 1 0
nyx/internal/store/postgres.go:472.2,474.16 3 0
nyx/internal/store/postgres.go:474.16,476.3 1 0
nyx/internal/store/postgres.go:477.2,479.16 3 0
nyx/internal/store/postgres.go:479.16,481.3 1 0
nyx/internal/store/postgres.go:482.2,484.16 3 0
nyx/internal/store/postgres.go:484.16,486.3 1 0
nyx/internal/store/postgres.go:487.2,489.16 3 0
nyx/internal/store/postgres.go:489.16,491.3 1 0
nyx/internal/store/postgres.go:492.2,494.16 3 0
nyx/internal/store/postgres.go:494.16,496.3 1 0
nyx/internal/store/postgres.go:497.2,499.16 3 0
nyx/internal/store/postgres.go:499.16,501.3 1 0
nyx/internal/store/postgres.go:502.2,504.16 3 0
nyx/internal/store/postgres.go:504.16,506.3 1 0
nyx/internal/store/postgres.go:507.2,509.16 3 0
nyx/internal/store/postgres.go:509.16,511.3 1 0
nyx/internal/store/postgres.go:512.2,513.20 2 0
nyx/internal/store/postgres.go:516.114,518.16 2 0
nyx/internal/store/postgres.go:518.16,520.3 1 0
nyx/internal/store/postgres.go:521.2,522.16 2 0
nyx/internal/store/postgres.go:522.16,524.3 1 0
nyx/internal/store/postgres.go:525.2,526.20 2 0
nyx/internal/store/postgres.go:529.108,531.17 2 0
nyx/internal/store/postgres.go:531.17,536.17 2 0
nyx/internal/store/postgres.go:536.17,538.4 1 0
nyx/internal/store/postgres.go:539.3,539.43 1 0
nyx/internal/store/postgres.go:542.2,553.16 3 0
nyx/internal/store/postgres.go:553.16,555.3 1 0
nyx/internal/store/postgres.go:556.2,556.15 1 0
nyx/internal/store/postgres.go:556.15,556.35 1 0
nyx/internal/store/postgres.go:558.2,559.18 2 0
nyx/internal/store/postgres.go:559.18,562.145 3 0
nyx/internal/store/postgres.go:562.145,564.4 1 0
nyx/internal/store/postgres.go:565.3,566.28 2 0
nyx/internal/store/postgres.go:568.2,568.35 1 0
nyx/internal/store/postgres.go:568.35,570.3 1 0
nyx/internal/store/postgres.go:571.2,571.17 1 0
nyx/internal/store/postgres.go:574.165,580.16 2 0
nyx/internal/store/postgres.go:580.16,582.3 1 0
nyx/internal/store/postgres.go:583.2,583.22 1 0
nyx/internal/store/postgres.go:586.94,592.16 2 0
nyx/internal/store/postgres.go:592.16,593.36 1 0
nyx/internal/store/postgres.go:593.36,595.4 1 0
nyx/internal/store/postgres.go:596.3,596.64 1 0
nyx/internal/store/postgres.go:598.2,598.22 1 0
nyx/internal/store/postgres.go:601.112,608.16 2 0
nyx/internal/store/postgres.go:608.16,610.3 1 0
nyx/internal/store/postgres.go:611.2,611.15 1 0
nyx/internal/store/postgres.go:611.15,611.35 1 0
nyx/internal/store/postgres.go:612.2,612.28 1 0
nyx/internal/store/postgres.go:615.150,616.15 1 0
nyx/internal/store/postgres.go:616.15,618.3 1 0
nyx/internal/store/postgres.go:619.2,624.19 5 0
nyx/internal/store/postgres.go:624.19,626.17 2 0
nyx/internal/store/postgres.go:626.17,627.35 1 0
nyx/internal/store/postgres.go:627.35,629.5 1 0
nyx/internal/store/postgres.go:630.4,630.79 1 0
nyx/internal/store/postgres.go:632.3,632.34 1 0
nyx/internal/store/postgres.go:632.34,634.4 1 0
nyx/internal/store/postgres.go:635.3,636.51 2 0
nyx/internal/store/postgres.go:639.2,647.16 5 0
nyx/internal/store/postgres.go:647.16,649.3 1 0
nyx/internal/store/postgres.go:650.2,650.15 1 0
nyx/internal/store/postgres.go:650.15,650.35 1 0
nyx/internal/store/postgres.go:652.2,653.16 2 0
nyx/internal/store/postgres.go:653.16,655.3 1 0
nyx/internal/store/postgres.go:656.2,657.13 2 0
nyx/internal/store/postgres.go:657.13,659.3 1 0
nyx/internal/store/postgres.go:660.2,661.35 2 0
nyx/internal/store/postgres.go:661.35,663.3 1 0
nyx/internal/store/postgres.go:664.2,664.43 1 0
nyx/internal/store/postgres.go:667.108,674.16 2 0
nyx/internal/store/postgres.go:674.16,676.3 1 0
nyx/internal/store/postgres.go:677.2,677.15 1 0
nyx/internal/store/postgres.go:677.15,677.35 1 0
nyx/internal/store/postgres.go:678.2,678.28 1 0
nyx/internal/store/postgres.go:681.137,683.14 2 0
nyx/internal/store/postgres.go:683.14,685.3 1 0
nyx/internal/store/postgres.go:686.2,692.16 2 0
nyx/internal/store/postgres.go:692.16,693.36 1 0
nyx/internal/store/postgres.go:693.36,695.4 1 0
nyx/internal/store/postgres.go:696.3,696.67 1 0
nyx/internal/store/postgres.go:698.2,698.22 1 0
nyx/internal/store/postgres.go:701.139,709.16 2 0
nyx/internal/store/postgres.go:709.16,711.3 1 0
nyx/internal/store/postgres.go:712.2,712.32 1 0
nyx/internal/store/postgres.go:715.77,728.2 3 0
nyx/internal/store/postgres.go:730.55,732.18 2 0
nyx/internal/store/postgres.go:732.18,734.17 2 0
nyx/internal/store/postgres.go:734.17,736.4 1 0
nyx/internal/store/postgres.go:737.3,737.26 1 0
nyx/internal/store/postgres.go:739.2,739.24 1 0
nyx/internal/store/postgres.go:742.85,760.16 5 0
nyx/internal/store/postgres.go:760.16,762.3 1 0
nyx/internal/store/postgres.go:763.2,765.22 3 0
nyx/internal/store/postgres.go:768.63,770.18 2 0
nyx/internal/store/postgres.go:770.18,772.17 2 0
nyx/internal/store/postgres.go:772.17,774.4 1 0
nyx/internal/store/postgres.go:775.3,775.30 1 0
nyx/internal/store/postgres.go:777.2,777.24 1 0
nyx/internal/store/postgres.go:780.52,781.36 1 0
nyx/internal/store/postgres.go:781.36,783.3 1 0
nyx/internal/store/postgres.go:784.2,784.14 1 0
nyx/internal/store/postgres.go:787.117,792.16 2 0
nyx/internal/store/postgres.go:792.16,794.3 1 0
nyx/internal/store/postgres.go:795.2,795.34 1 0
nyx/internal/store/postgres_mapper.go:12.31,13.18 1 0
nyx/internal/store/postgres_mapper.go:13.18,15.3 1 0
nyx/internal/store/postgres_mapper.go:16.2,17.16 2 0
nyx/internal/store/postgres_mapper.go:17.16,19.3 1 0
nyx/internal/store/postgres_mapper.go:20.2,20.12 1 0
nyx/internal/store/postgres_mapper.go:23.48,24.19 1 0
nyx/internal/store/postgres_mapper.go:24.19,26.3 1 0
nyx/internal/store/postgres_mapper.go:27.2,28.50 2 0
nyx/internal/store/postgres_mapper.go:28.50,30.3 1 0
nyx/internal/store/postgres_mapper.go:31.2,31.12 1 0
nyx/internal/store/postgres_mapper.go:34.42,35.19 1 0
nyx/internal/store/postgres_mapper.go:35.19,37.3 1 0
nyx/internal/store/postgres_mapper.go:38.2,39.50 2 0
nyx/internal/store/postgres_mapper.go:39.50,41.3 1 0
nyx/internal/store/postgres_mapper.go:42.2,42.12 1 0
nyx/internal/store/postgres_mapper.go:45.47,56.2 1 0
nyx/internal/store/postgres_mapper.go:58.53,60.27 2 0
nyx/internal/store/postgres_mapper.go:60.27,62.3 1 0
nyx/internal/store/postgres_mapper.go:63.2,63.12 1 0
nyx/internal/store/postgres_mapper.go:66.56,78.2 1 0
nyx/internal/store/postgres_mapper.go:80.62,82.27 2 0
nyx/internal/store/postgres_mapper.go:82.27,84.3 1 0
nyx/internal/store/postgres_mapper.go:85.2,85.12 1 0
nyx/internal/store/postgres_mapper.go:88.53,103.2 1 0
nyx/internal/store/postgres_mapper.go:105.59,107.27 2 0
nyx/internal/store/postgres_mapper.go:107.27,109.3 1 0
nyx/internal/store/postgres_mapper.go:110.2,110.12 1 0
nyx/internal/store/postgres_mapper.go:113.59,124.2 1 0
nyx/internal/store/postgres_mapper.go:126.65,128.27 2 0
nyx/internal/store/postgres_mapper.go:128.27,130.3 1 0
nyx/internal/store/postgres_mapper.go:131.2,131.12 1 0
nyx/internal/store/postgres_mapper.go:146.49,146.64 1 0
nyx/internal/store/postgres_mapper.go:147.49,147.68 1 0
nyx/internal/store/postgres_mapper.go:148.49,148.70 1 0
nyx/internal/store/postgres_mapper.go:149.49,149.66 1 0
nyx/internal/store/postgres_mapper.go:150.49,150.69 1 0
nyx/internal/store/postgres_mapper.go:151.49,151.70 1 0
nyx/internal/store/postgres_mapper.go:152.49,152.71 1 0
nyx/internal/store/postgres_mapper.go:156.51,156.66 1 0
nyx/internal/store/postgres_mapper.go:157.51,157.70 1 0
nyx/internal/store/postgres_mapper.go:158.51,158.72 1 0
nyx/internal/store/postgres_mapper.go:159.51,159.68 1 0
nyx/internal/store/postgres_mapper.go:160.51,160.71 1 0
nyx/internal/store/postgres_mapper.go:161.51,161.72 1 0
nyx/internal/store/postgres_mapper.go:162.51,162.73 1 0
nyx/internal/store/postgres_mapper.go:164.50,174.2 1 0
nyx/internal/store/postgres_mapper.go:176.75,178.27 2 0
nyx/internal/store/postgres_mapper.go:178.27,180.3 1 0
nyx/internal/store/postgres_mapper.go:181.2,181.12 1 0
nyx/internal/store/postgres_mapper.go:184.77,186.27 2 0
nyx/internal/store/postgres_mapper.go:186.27,188.3 1 0
nyx/internal/store/postgres_mapper.go:189.2,189.12 1 0
nyx/internal/store/postgres_mapper.go:192.56,201.2 1 0
nyx/internal/store/postgres_mapper.go:203.62,205.27 2 0
nyx/internal/store/postgres_mapper.go:205.27,207.3 1 0
nyx/internal/store/postgres_mapper.go:208.2,208.12 1 0
nyx/internal/store/postgres_mapper.go:211.50,221.2 1 0
nyx/internal/store/postgres_mapper.go:223.56,225.27 2 0
nyx/internal/store/postgres_mapper.go:225.27,227.3 1 0
nyx/internal/store/postgres_mapper.go:228.2,228.12 1 0
nyx/internal/store/postgres_mapper.go:245.59,245.74 1 0
nyx/internal/store/postgres_mapper.go:246.59,246.78 1 0
nyx/internal/store/postgres_mapper.go:247.59,247.80 1 0
nyx/internal/store/postgres_mapper.go:248.59,248.79 1 0
nyx/internal/store/postgres_mapper.go:249.59,249.79 1 0
nyx/internal/store/postgres_mapper.go:250.59,250.80 1 0
nyx/internal/store/postgres_mapper.go:251.59,251.78 1 0
nyx/internal/store/postgres_mapper.go:252.59,252.81 1 0
nyx/internal/store/postgres_mapper.go:253.59,253.83 1 0
nyx/internal/store/postgres_mapper.go:257.57,257.72 1 0
nyx/internal/store/postgres_mapper.go:258.57,258.76 1 0
nyx/internal/store/postgres_mapper.go:259.57,259.78 1 0
nyx/internal/store/postgres_mapper.go:260.57,260.77 1 0
nyx/internal/store/postgres_mapper.go:261.57,261.77 1 0
nyx/internal/store/postgres_mapper.go:262.57,262.78 1 0
nyx/internal/store/postgres_mapper.go:263.57,263.76 1 0
nyx/internal/store/postgres_mapper.go:264.57,264.79 1 0
nyx/internal/store/postgres_mapper.go:265.57,265.81 1 0
nyx/internal/store/postgres_mapper.go:267.59,279.2 1 0
nyx/internal/store/postgres_mapper.go:281.82,283.27 2 0
nyx/internal/store/postgres_mapper.go:283.27,285.3 1 0
nyx/internal/store/postgres_mapper.go:286.2,286.12 1 0
nyx/internal/store/postgres_mapper.go:289.50,299.2 1 0
nyx/internal/store/postgres_mapper.go:301.56,303.27 2 0
nyx/internal/store/postgres_mapper.go:303.27,305.3 1 0
nyx/internal/store/postgres_mapper.go:306.2,306.12 1 0
nyx/internal/store/postgres_mapper.go:309.45,310.17 1 0
nyx/internal/store/postgres_mapper.go:310.17,312.3 1 0
nyx/internal/store/postgres_mapper.go:313.2,313.20 1 0
